<?xml version="1.0" encoding="UTF-8"?>
<!-- Generated by org.testng.reporters.JUnitReportReporter -->
<testsuite hostname="LAPTOP-3O21V2C5" failures="0" tests="1" name="testExecution.CreateAnAccountTest" time="7.911" errors="0" timestamp="2024-11-24T16:46:59 IST" skipped="0">
  <testcase classname="testExecution.CreateAnAccountTest" name="createAccountPage_TC001_TC009" time="7.911"/>
</testsuite> <!-- testExecution.CreateAnAccountTest -->
