<?xml version="1.0" encoding="UTF-8"?>
<!-- Generated by org.testng.reporters.JUnitReportReporter -->
<testsuite hostname="LAPTOP-3O21V2C5" failures="0" tests="1" name="testExecution.TC001_TC009_CreateAnAccount" time="31.597" errors="0" timestamp="2024-11-07T06:55:10 IST" skipped="0">
  <testcase classname="testExecution.TC001_TC009_CreateAnAccount" name="headerLinkToGetBack" time="31.597"/>
</testsuite> <!-- testExecution.TC001_TC009_CreateAnAccount -->
