<?xml version="1.0" encoding="UTF-8"?>
<!-- Generated by org.testng.reporters.JUnitReportReporter -->
<testsuite hostname="LAPTOP-3O21V2C5" failures="0" tests="1" name="testExecution.CreateAnAccountTest" time="8.821" errors="0" timestamp="2024-11-24T17:10:38 IST" skipped="0">
  <testcase classname="testExecution.CreateAnAccountTest" name="createAccountPage_TC001_TC009" time="8.821"/>
</testsuite> <!-- testExecution.CreateAnAccountTest -->
