<?xml version="1.0" encoding="UTF-8"?>
<!-- Generated by org.testng.reporters.JUnitReportReporter -->
<testsuite hostname="LAPTOP-3O21V2C5" failures="0" tests="1" name="testExecution.HomePageTest" time="1.476" errors="0" timestamp="2024-11-25T19:37:22 IST" skipped="0">
  <testcase classname="testExecution.HomePageTest" name="orderStatusValidation" time="1.476"/>
</testsuite> <!-- testExecution.HomePageTest -->
