<?xml version="1.0" encoding="UTF-8"?>
<!-- Generated by org.testng.reporters.JUnitReportReporter -->
<testsuite hostname="LAPTOP-3O21V2C5" failures="0" tests="4" name="testdrivendevelop.JsonReadTest" time="0.006" errors="0" timestamp="2025-02-08T22:10:52 IST" skipped="0">
  <testcase classname="testdrivendevelop.JsonReadTest" name="test" time="0.000"/>
  <testcase classname="testdrivendevelop.JsonReadTest" name="test" time="0.004"/>
  <testcase classname="testdrivendevelop.JsonReadTest" name="test" time="0.001"/>
  <testcase classname="testdrivendevelop.JsonReadTest" name="test" time="0.001"/>
</testsuite> <!-- testdrivendevelop.JsonReadTest -->
